
> date()
[1] "Sat Oct 19 17:05:16 2019"

> system("hostname", intern=T)
[1] "LAPTOP-13353D28"

> library("survival")

> library("mexhaz")

> sessionInfo()
R version 3.5.1 (2018-07-02)
Platform: x86_64-w64-mingw32/x64 (64-bit)
Running under: Windows >= 8 x64 (build 9200)

Matrix products: default

locale:
[1] LC_COLLATE=French_France.1252  LC_CTYPE=French_France.1252    LC_MONETARY=French_France.1252 LC_NUMERIC=C                  
[5] LC_TIME=French_France.1252    

attached base packages:
[1] stats     graphics  grDevices utils     datasets  methods   base     

other attached packages:
[1] mexhaz_1.6      survival_2.42-6

loaded via a namespace (and not attached):
 [1] MASS_7.3-50       compiler_3.5.1    Matrix_1.2-14     tools_3.5.1       yaml_2.2.0        splines_3.5.1     grid_3.5.1       
 [8] numDeriv_2016.8-1 statmod_1.4.30    lattice_0.20-35  

> #------------------------------------------------------------------------------------------------------------------------
> ## 2.1 ==> Get the popul .... [TRUNCATED] 

> summary(popex1)
      sex            age           year           rate          
 Males  :3939   Min.   :  0   Min.   :1971   Min.   :0.0000760  
 Females:3939   1st Qu.: 25   1st Qu.:1980   1st Qu.:0.0006162  
                Median : 50   Median :1990   Median :0.0040549  
                Mean   : 50   Mean   :1990   Mean   :0.0499274  
                3rd Qu.: 75   3rd Qu.:2000   3rd Qu.:0.0494789  
                Max.   :100   Max.   :2009   Max.   :0.4096040  

> dim(popex1)
[1] 7878    4

> head(popex1)
       sex age year         rate
3    Males   0 2009 0.0048815333
8  Females   0 2009 0.00394 Eval    LogLik Time
    0 -1424.755 0.01
Param
[1] -1 -1 -1 -1 -1

iteration = 0
Step:
[1] 0 0 0 0 0
Parameter:
[1] -1 -1 -1 -1 -1
Function Value
[1] 1424.755
Gradient:
[1] -544.798558 -281.865720  -66.293752  -10.823604    2.274532

 Eval    LogLik Time
  100 -756.6502 0.34
Param
[1]  0.7886 -0.9283 -0.9687 -3.8938 -4.1919

iteration = 30
Parameter:
[1]  0.7737339 -0.8732129 -1.2032530 -3.1704933 -5.2576687
Function Value
[1] 756.4115
Gradient:
[1] 5.826450e-04 3.255991e-04 2.298769e-04 2.359442e-05 5.967962e-06

Gradient relatif proche de zéro.
L'itération courante est probablement la solution.

Computation of the Hessian

Data
 Name N.Obs.Tot N.Obs N.Events N.Clust
 temp       888   888      854       1

Details
 Iter Eval   Base Nb.Leg Nb.Aghq Optim Method Code    LogLik Total.Time
   30  170 exp.bs     20      10   nlm    ---    1 -756.4115       0.57
  time.pts   hazard hazard.inf hazard.sup      surv  surv.inf  surv.sup
1    1e-04 2.167278   1.825813   2.572604 0.9997833 0.9997427 0.9998174
2    1e-02 2.112319   1.794082   2.487005 0.9788286 0.9750194 0.9820623
3    2e-02 2.059231   1.762754   2.405572 0.9586258 0.9514628 0.9647513
4    3e-02 2.008459   1.732109   2.328900 0.9393275 0.9292125 0.9480378
5    4e-02 1.959887   1.702105   2.256710 0.9208750 0.9081627 0.9318940
6    5e-02 1.913405   1.672699   2.188750 0.9032140 0.8882181 0.9162938
olon.v2$stage==stage,]

> interval=c(0.25, 0.5, 1:5)

> model23=mexhaz(Surv(time=fu,event=dead)~ 1, data=temp, base="pw.cst", knots=interval, expected="rate")
 Eval    LogLik Time
    0 -1113.756    0
Param
[1] -1 -1 -1 -1 -1 -1 -1 -1

iteration = 0
Step:
[1] 0 0 0 0 0 0 0 0
Parameter:
[1] -1 -1 -1 -1 -1 -1 -1 -1
Function Value
[1] 1113.756
Gradient:
[1] -205.04451  -91.75239  -76.90456  -64.70009  -13.30241    2.42996   11.09540   25.20593

 Eval    LogLik Time
  100 -762.1584 0.09
Param
[1]  0.5092  0.1709 -0.1473 -0.3098 -0.6689 -1.1281 -2.0227 -2.5615

iteration = 23
Parameter:
[1]  0.5088806  0.1705756 -0.1473554 -0.3098103 -0.6544156 -1.1284111 -2.1236063 -2.5315517
Function Value
[1] 762.1255
Gradient:
[1]  8.185452e-06  4.774847e-06  1.818989e-06  2.273737e-07 -4.808953e-05 -2.720236e-05  6.691850e-06  1.872662e-05

Gradient relatif proche de zéro.
L'itération courante est probablement la solution.

 Eval    LogLik Time
  200 -762.1255 0.22
Param
[1]  0.5089  0.1706 -0.1474 -0.3098 -0.6544 -1.1283 -2.1236 -2.5315

Computation of the Hessian

Data
 Name N.Obs.Tot N.Obs N.Events N.Clust
 temp       888   888      854       1

Details
 Iter Eval   Base Nb.Leg Nb.Aghq Optim Method Code    LogLik Total.Time
   23  202 pw.cst     20      10   nlm    ---    1 -762.1255       0.22

> # Note the WARNING message: "Some observations had a follow-up time of length 0. ..."
> 
> # summary, coefficients and variance-covariance matrix
>  .... [TRUNCATED] 
Call:
mexhaz(formula = Surv(time = fu, event = dead) ~ 1, data = temp, 
    expected = "rate", base = "pw.cst", knots = interval)

Coefficients:
            Estimate    StdErr t.value   p.value    
[0,0.25]    0.508881  0.059017  8.6226 < 2.2e-16 ***
(0.25,0.5]  0.170576  0.083659  2.0389  0.041755 *  
(0.5,1]    -0.147355  0.084051 -1.7532  0.079921 .  
(1,2]      -0.309810  0.086059 -3.6000  0.000336 ***
(2,3]      -0.654416  0.146703 -4.4608 9.222e-06 ***
(3,4]      -1.128411  0.239143 -4.7186 2.762e-06 ***
(4,5]      -2.123606  0.457324 -4.6435 3.947e-06 ***
(5,7.96]   -2.531552  0.413277 -6.1256 1.361e-09 ***
---
Signif. codes:  0 ‘***’ 0.001 ‘**’ 0.01 ‘*’ 0.05 ‘.’ 0.1 ‘ ’ 1

log-likelihood: -762.1255 (for 8 degree(s) of freedom)

number of observations: 888, number of events: 854
12 observations had a follow-up time equal to 0 (replaced by 1/730.5)

> model23$coef
  [0,0.25] (0.25,0.5]    (0.5,1]      (1,2]      (2,3]      (3,4]      (4,5]   (5,7.96] 
 0.5088806  0.1705756 -0.1473554 -0.3098103 -0.6544156 -1.1284111 -2.1236063 -2.5315517 

> round(model23$vcov,4)
           [0,0.25] (0.25,0.5] (0.5,1]  (1,2]  (2,3]  (3,4]  (4,5] (5,7.96]
[0,0.25]     0.0035      0.000  0.0000 0.0000 0.0000 0.0000 0.0000   0.0000
(0.25,0.5]   0.0000      0.007  0.0000 0.0000 0.0000 0.0000 0.0000   0.0000
(0.5,1]      0.0000      0.000  0.0071 0.0000 0.0000 0.0000 0.0000   0.0000
(1,2]        0.0000      0.000  0.0000 0.0074 0.0000 0.0000 0.0000   0.0000
(2,3]        0.0000      0.000  0.0000 0.0000 0.0215 0.0000 0.0000   0.0000
(3,4]        0.0000      0.000  0.0000 0.0000 0.0000 0.0572 0.0000   0.0000
(4,5]        0.0000      0.000  0.0000 0.0000 0.0000 0.0000 0.2091   0.0000
(5,7.96]     0.0000      0.000  0.0000 0.0000 0.0000 0.0000 0.0000   0.1708

> # With mexhaz
> # pred.model23=predict(model23, time.pts=c(0.0001, seq(0.1,5, by=0.0001)))
> # note that the above "by" parameters must be low
> # p .... [TRUNCATED] 

> end.interval=c(0.25, 0.5, 1:5)

> hazard23=exp(model23$coef[-match("(5,7.96]", names(model23$coef))])

> plot(0,0, type="n", xlim=c(0,5), ylim=c(0,2),xlab="Time since diagnosis", ylab="hazard ")

> segments(begin.interval, hazard23, end.interval, hazard23, lwd=3,col=3)

> title( paste("\nExcess hazard, stage=",stage ), cex=0.6)

> save(hazard23,file = "PW2/hazard23.RData"   )

> #------------------------------------------------------------------------------------------------------------------------
> ## 2.4 ==> with model de .... [TRUNCATED] 

> exp(-ch1)
 [0,0.25] 
0.3185909 

> # cumulative hazard at 1.37 year then NS
> ch137=0.25*exp(model23$coef["[0,0.25]"])+ 0.25*exp(model23$coef["(0.25,0.5]"]) + 0.5*exp(model23$coef["(0 ..." ... [TRUNCATED] 

> exp(-ch137)
[0,0.25] 
0.242859 

> predict(model23, time.pts=c(1, 1.37) )$results
  time.pts    hazard hazard.inf hazard.sup      surv  surv.inf  surv.sup
1     1.00 0.8629872  0.7319143   1.017533 0.3185909 0.2874037 0.3501690
2     1.37 0.7335861  0.6197233   0.868369 0.2428590 0.2169020 0.2696584

> #------------------------------------------------------------------------------------------------------------------------------
> ## 2.5 ==> calcula .... [TRUNCATED] 

> binf.ch1=ch1-qnorm(0.975)*sqrt(var.ch1)

> bsup.ch1=ch1+qnorm(0.975)*sqrt(var.ch1)

> c(exp(-bsup.ch1), exp(-binf.ch1))
 [0,0.25]  [0,0.25] 
0.2886648 0.3516194 

> var.ch137=0.25^2*exp(model23$coef["[0,0.25]"])^2*  model23$vcov["[0,0.25]","[0,0.25]"] +
+         0.25^2*exp(model23$coef["(0.25,0.5]"])^2*model23$ .... [TRUNCATED] 

> binf.ch137=ch137-qnorm(0.975)*sqrt(var.ch137)

> bsup.ch137=ch137+qnorm(0.975)*sqrt(var.ch137)

> c(exp(-bsup.ch137), exp(-binf.ch137))
 [0,0.25]  [0,0.25] 
0.2178339 0.2707590 

> predict(model23, time.pts=c(1, 1.37), delta.type.s="log" )$results
  time.pts    hazard hazard.inf hazard.sup      surv  surv.inf  surv.sup
1     1.00 0.8629872  0.7319143   1.017533 0.3185909 0.2886648 0.3516194
2     1.37 0.7335861  0.6197233   0.868369 0.2428590 0.2178339 0.2707590

> #------------------------------------------------------------------------------------------------------------------------------
> ##  2.6: 
> # Usin .... [TRUNCATED] 
  time.pts    hazard hazard.inf hazard.sup      surv  surv.inf  surv.sup
1     1.00 0.8629872  0.7319143   1.017533 0.3185909 0.2874037 0.3501690
2     1.37 0.7335861  0.6197233   0.868369 0.2428590 0.2169020 0.2696584

> date()
[1] "Sat Oct 19 17:05:17 2019"

> sink()
